<?xml version="1.0" encoding="UTF-8"?>
<testsuite xmlns:xsi="http://www.w3.org/2001/XMLSchema-instance" xsi:noNamespaceSchemaLocation="https://maven.apache.org/surefire/maven-surefire-plugin/xsd/surefire-test-report.xsd" version="3.0.2" name="com.smartsched.backend.SmartschedApplicationTests" time="1.701" tests="1" errors="0" skipped="0" failures="0">
  <properties>
[...]
</properties>
  <testcase name="contextLoads" classname="com.smartsched.backend.SmartschedApplicationTests" time="0.463">
    <system-out><![CDATA[22:25:46.516 [main] INFO org.springframework.test.context.support.AnnotationConfigContextLoaderUtils -- Could not detect default configuration classes for test class [com.smartsched.backend.SmartschedApplicationTests]: SmartschedApplicationTests does not declare any static, non-private, non-final, nested classes annotated with @Configuration.
22:25:46.564 [main] INFO org.springframework.boot.test.context.SpringBootTestContextBootstrapper -- Found @SpringBootConfiguration com.smartsched.SmartschedApplication for test class com.smartsched.backend.SmartschedApplicationTests
22:25:46.633 [main] INFO org.springframework.boot.devtools.restart.RestartApplicationListener -- Restart disabled due to context in which it is running

  .   ____          _            __ _ _
 /\\ / ___'_ __ _ _(_)_ __  __ _ \ \ \ \
( ( )\___ | '_ | '_| | '_ \/ _` | \ \ \ \
 \\/  ___)| |_)| | | | | || (_| |  ) ) ) )
  '  |____| .__|_| |_|_| |_\__, | / / / /
 =========|_|==============|___/=/_/_/_/

 :: Spring Boot ::                (v3.4.3)

2025-03-13T22:25:46.737+05:30  INFO 16427 --- [smartsched] [           main] c.s.backend.SmartschedApplicationTests   : Starting SmartschedApplicationTests using Java 23.0.2 with PID 16427 (started by pramodravisanka in /Users/pramodravisanka/Documents/Year 3 Semester 2/ITPM/smartsched/backend)
2025-03-13T22:25:46.738+05:30  INFO 16427 --- [smartsched] [           main] c.s.backend.SmartschedApplicationTests   : No active profile set, falling back to 1 default profile: "default"
2025-03-13T22:25:46.918+05:30  INFO 16427 --- [smartsched] [           main] .s.d.r.c.RepositoryConfigurationDelegate : Bootstrapping Spring Data MongoDB repositories in DEFAULT mode.
2025-03-13T22:25:46.936+05:30  INFO 16427 --- [smartsched] [           main] .s.d.r.c.RepositoryConfigurationDelegate : Finished Spring Data repository scanning in 15 ms. Found 1 MongoDB repository interface.
2025-03-13T22:25:47.147+05:30  WARN 16427 --- [smartsched] [           main] .s.s.UserDetailsServiceAutoConfiguration : 

Using generated security password: e0dedeaa-3b87-4640-a21a-4f3f10010ed7

This generated password is for development use only. Your security configuration must be updated before running your application in production.

2025-03-13T22:25:47.159+05:30  INFO 16427 --- [smartsched] [           main] r$InitializeUserDetailsManagerConfigurer : Global AuthenticationManager configured with UserDetailsService bean with name inMemoryUserDetailsManager
2025-03-13T22:25:47.336+05:30  INFO 16427 --- [smartsched] [           main] org.mongodb.driver.client                : MongoClient with metadata {"application": {"name": "Cluster1"}, "driver": {"name": "mongo-java-driver|sync|spring-boot", "version": "5.2.1"}, "os": {"type": "Darwin", "name": "Mac OS X", "architecture": "aarch64", "version": "15.2"}, "platform": "Java/Homebrew/23.0.2"} created with settings MongoClientSettings{readPreference=primary, writeConcern=WriteConcern{w=majority, wTimeout=null ms, journal=null}, retryWrites=true, retryReads=true, readConcern=ReadConcern{level=null}, credential=MongoCredential{mechanism=null, userName='pramod', source='admin', password=<hidden>, mechanismProperties=<hidden>}, transportSettings=null, commandListeners=[], codecRegistry=ProvidersCodecRegistry{codecProviders=[ValueCodecProvider{}, BsonValueCodecProvider{}, DBRefCodecProvider{}, DBObjectCodecProvider{}, DocumentCodecProvider{}, CollectionCodecProvider{}, IterableCodecProvider{}, MapCodecProvider{}, GeoJsonCodecProvider{}, GridFSFileCodecProvider{}, Jsr310CodecProvider{}, JsonObjectCodecProvider{}, BsonCodecProvider{}, EnumCodecProvider{}, com.mongodb.client.model.mql.ExpressionCodecProvider@510689af, com.mongodb.Jep395RecordCodecProvider@2415e4c7, com.mongodb.KotlinCodecProvider@72ce812e]}, loggerSettings=LoggerSettings{maxDocumentLength=1000}, clusterSettings={hosts=[127.0.0.1:27017], srvHost=cluster1.kn3kh.mongodb.net, srvServiceName=mongodb, mode=MULTIPLE, requiredClusterType=REPLICA_SET, requiredReplicaSetName='atlas-xgbv08-shard-0', serverSelector='null', clusterListeners='[]', serverSelectionTimeout='30000 ms', localThreshold='15 ms'}, socketSettings=SocketSettings{connectTimeoutMS=10000, readTimeoutMS=0, receiveBufferSize=0, proxySettings=ProxySettings{host=null, port=null, username=null, password=null}}, heartbeatSocketSettings=SocketSettings{connectTimeoutMS=10000, readTimeoutMS=10000, receiveBufferSize=0, proxySettings=ProxySettings{host=null, port=null, username=null, password=null}}, connectionPoolSettings=ConnectionPoolSettings{maxSize=100, minSize=0, maxWaitTimeMS=120000, maxConnectionLifeTimeMS=0, maxConnectionIdleTimeMS=0, maintenanceInitialDelayMS=0, maintenanceFrequencyMS=60000, connectionPoolListeners=[], maxConnecting=2}, serverSettings=ServerSettings{heartbeatFrequencyMS=10000, minHeartbeatFrequencyMS=500, serverMonitoringMode=AUTO, serverListeners='[]', serverMonitorListeners='[]'}, sslSettings=SslSettings{enabled=true, invalidHostNameAllowed=false, context=null}, applicationName='Cluster1', compressorList=[], uuidRepresentation=JAVA_LEGACY, serverApi=null, autoEncryptionSettings=null, dnsClient=null, inetAddressResolver=null, contextProvider=null, timeoutMS=null}
2025-03-13T22:25:47.409+05:30  INFO 16427 --- [smartsched] [3kh.mongodb.net] org.mongodb.driver.cluster               : Adding discovered server cluster1-shard-00-00.kn3kh.mongodb.net:27017 to client view of cluster
2025-03-13T22:25:47.420+05:30  INFO 16427 --- [smartsched] [3kh.mongodb.net] org.mongodb.driver.cluster               : Adding discovered server cluster1-shard-00-02.kn3kh.mongodb.net:27017 to client view of cluster
2025-03-13T22:25:47.421+05:30  INFO 16427 --- [smartsched] [3kh.mongodb.net] org.mongodb.driver.cluster               : Adding discovered server cluster1-shard-00-01.kn3kh.mongodb.net:27017 to client view of cluster
2025-03-13T22:25:47.670+05:30  INFO 16427 --- [smartsched] [           main] c.s.backend.SmartschedApplicationTests   : Started SmartschedApplicationTests in 1.041 seconds (process running for 1.442)
]]></system-out>
    <system-err><![CDATA[Mockito is currently self-attaching to enable the inline-mock-maker. This will no longer work in future releases of the JDK. Please add Mockito as an agent to your build what is described in Mockito's documentation: https://javadoc.io/doc/org.mockito/mockito-core/latest/org/mockito/Mockito.html#0.3
WARNING: A Java agent has been loaded dynamically (/Users/pramodravisanka/.m2/repository/net/bytebuddy/byte-buddy-agent/1.15.11/byte-buddy-agent-1.15.11.jar)
WARNING: If a serviceability tool is in use, please run with -XX:+EnableDynamicAgentLoading to hide this warning
WARNING: If a serviceability tool is not in use, please run with -Djdk.instrument.traceUsage for more information
WARNING: Dynamic loading of agents will be disallowed by default in a future release
]]></system-err>
  </testcase>
</testsuite>